<?xml version="1.0" encoding="UTF-8"?>
<!-- Generated by org.testng.reporters.JUnitReportReporter -->
<testsuite skipped="0" hostname="tOMARdHARAM" name="testPages.Inventory_Test" tests="1" failures="0" timestamp="11 Jun 2019 03:14:05 GMT" time="0.134" errors="0">
  <testcase name="inventorytest" time="0.134" classname="testPages.Inventory_Test"/>
</testsuite> <!-- testPages.Inventory_Test -->
