<?xml version="1.0" encoding="UTF-8"?>
<!-- Generated by org.testng.reporters.JUnitReportReporter -->
<testsuite skipped="0" hostname="tOMARdHARAM" name="testPages.Report_Test" tests="1" failures="0" timestamp="11 Jun 2019 03:02:48 GMT" time="0.164" errors="0">
  <testcase name="report_Test" time="0.164" classname="testPages.Report_Test"/>
</testsuite> <!-- testPages.Report_Test -->
