<?xml version="1.0" encoding="UTF-8"?>
<!-- Generated by org.testng.reporters.JUnitReportReporter -->
<testsuite skipped="0" hostname="tOMARdHARAM" name="testPages.Admin_Test" tests="1" failures="0" timestamp="11 Jun 2019 03:02:48 GMT" time="0.332" errors="0">
  <testcase name="adminclick" time="0.332" classname="testPages.Admin_Test"/>
</testsuite> <!-- testPages.Admin_Test -->
