<?xml version="1.0" encoding="UTF-8"?>
<!-- Generated by org.testng.reporters.JUnitReportReporter -->
<testsuite skipped="0" hostname="tOMARdHARAM" name="testPages.Dashboard_Test" tests="1" failures="0" timestamp="11 Jun 2019 03:02:48 GMT" time="0.144" errors="0">
  <testcase name="clickdashboard" time="0.144" classname="testPages.Dashboard_Test"/>
</testsuite> <!-- testPages.Dashboard_Test -->
