<?xml version="1.0" encoding="UTF-8"?>
<!-- Generated by org.testng.reporters.JUnitReportReporter -->
<testsuite skipped="0" hostname="tOMARdHARAM" name="testPages.UserMgt_Test" tests="1" failures="0" timestamp="11 Jun 2019 03:02:48 GMT" time="0.191" errors="0">
  <testcase name="usermgt_Test" time="0.191" classname="testPages.UserMgt_Test"/>
</testsuite> <!-- testPages.UserMgt_Test -->
