<?xml version="1.0" encoding="UTF-8"?>
<!-- Generated by org.testng.reporters.JUnitReportReporter -->
<testsuite skipped="0" hostname="tOMARdHARAM" name="testPages.Sales_Test" tests="1" failures="0" timestamp="11 Jun 2019 03:02:48 GMT" time="1.049" errors="0">
  <testcase name="salesclick" time="1.049" classname="testPages.Sales_Test"/>
</testsuite> <!-- testPages.Sales_Test -->
