<?xml version="1.0" encoding="UTF-8"?>
<!-- Generated by org.testng.reporters.JUnitReportReporter -->
<testsuite skipped="0" hostname="tOMARdHARAM" name="testPages.BaseClass" tests="1" failures="0" timestamp="10 Jun 2019 15:47:39 GMT" time="0.172" errors="0">
  <testcase name="test" time="0.172" classname="testPages.BaseClass"/>
</testsuite> <!-- testPages.BaseClass -->
